<?xml version="1.0" encoding="UTF-8"?>
<!-- Generated by org.testng.reporters.JUnitReportReporter -->
<testsuite skipped="0" hostname="BDC6-DX-3QC7N62" name="com.test.window_switching" tests="1" failures="0" timestamp="22 Apr 2019 02:36:23 GMT" time="19.082" errors="0">
  <testcase name="Test_contact_info" time="19.082" classname="com.test.window_switching"/>
</testsuite> <!-- com.test.window_switching -->
