<?xml version="1.0" encoding="UTF-8"?>
<!-- Generated by org.testng.reporters.JUnitReportReporter -->
<testsuite skipped="0" hostname="BDC6-DX-3QC7N62" name="com.test.TestMeApp" tests="2" failures="0" timestamp="22 Apr 2019 06:55:34 GMT" time="7.303" errors="0">
  <testcase name="Testlogin" time="4.121" classname="com.test.TestMeApp"/>
  <testcase name="Testlogin" time="3.182" classname="com.test.TestMeApp"/>
</testsuite> <!-- com.test.TestMeApp -->
