<?xml version="1.0" encoding="UTF-8"?>
<!-- Generated by org.testng.reporters.JUnitReportReporter -->
<testsuite skipped="0" hostname="BDC6-DX-3QC7N62" name="com.test.drag_drop" tests="1" failures="0" timestamp="19 Apr 2019 07:04:09 GMT" time="14.808" errors="0">
  <testcase name="Test_dragdrop" time="14.808" classname="com.test.drag_drop"/>
</testsuite> <!-- com.test.drag_drop -->
