<?xml version="1.0" encoding="UTF-8"?>
<!-- Generated by org.testng.reporters.JUnitReportReporter -->
<testsuite skipped="0" hostname="BDC6-DX-3QC7N62" name="com.test.excel_read" tests="1" failures="0" timestamp="22 Apr 2019 06:01:00 GMT" time="0.896" errors="0">
  <testcase name="test_excelread" time="0.896" classname="com.test.excel_read"/>
</testsuite> <!-- com.test.excel_read -->
