<?xml version="1.0" encoding="UTF-8"?>
<!-- Generated by org.testng.reporters.JUnitReportReporter -->
<testsuite skipped="0" hostname="BDC6-DX-3QC7N62" name="testmeapp.test.OnlineShoppingTest" tests="4" failures="0" timestamp="23 Apr 2019 09:26:44 GMT" time="12.048" errors="0">
  <testcase name="testRegistration" time="3.237" classname="testmeapp.test.OnlineShoppingTest"/>
  <testcase name="testLogin" time="0.819" classname="testmeapp.test.OnlineShoppingTest"/>
  <testcase name="testCart" time="6.610" classname="testmeapp.test.OnlineShoppingTest"/>
  <testcase name="testPayment" time="1.382" classname="testmeapp.test.OnlineShoppingTest"/>
</testsuite> <!-- testmeapp.test.OnlineShoppingTest -->
