<?xml version="1.0" encoding="UTF-8"?>
<!-- Generated by org.testng.reporters.JUnitReportReporter -->
<testsuite skipped="0" hostname="BDC6-DX-3QC7N62" name="com.test.Testme_reg" tests="1" failures="0" timestamp="23 Apr 2019 03:24:17 GMT" time="11.441" errors="0">
  <testcase name="Reg_page" time="11.441" classname="com.test.Testme_reg"/>
</testsuite> <!-- com.test.Testme_reg -->
