<?xml version="1.0" encoding="UTF-8"?>
<!-- Generated by org.testng.reporters.JUnitReportReporter -->
<testsuite skipped="0" hostname="BDC6-DX-3QC7N62" name="com.test.Object_identification" tests="1" failures="0" timestamp="17 Apr 2019 05:53:07 GMT" time="8.732" errors="0">
  <testcase name="testDemoWebShop" time="8.732" classname="com.test.Object_identification"/>
</testsuite> <!-- com.test.Object_identification -->
